mode: set
evgen3000/go-musthave-metrics-tpl.git/cmd/agent/main.go:11.13,21.58 8 0
evgen3000/go-musthave-metrics-tpl.git/cmd/agent/main.go:21.58,23.17 2 0
evgen3000/go-musthave-metrics-tpl.git/cmd/agent/main.go:23.17,24.14 1 0
evgen3000/go-musthave-metrics-tpl.git/cmd/agent/main.go:26.3,27.17 2 0
evgen3000/go-musthave-metrics-tpl.git/cmd/agent/main.go:27.17,28.14 1 0
evgen3000/go-musthave-metrics-tpl.git/cmd/agent/main.go:30.3,30.123 1 0
evgen3000/go-musthave-metrics-tpl.git/cmd/agent/main.go:31.8,33.3 1 0
evgen3000/go-musthave-metrics-tpl.git/cmd/server/main.go:14.46,17.16 3 0
evgen3000/go-musthave-metrics-tpl.git/cmd/server/main.go:17.16,18.13 1 0
evgen3000/go-musthave-metrics-tpl.git/cmd/server/main.go:22.13,33.11 9 0
evgen3000/go-musthave-metrics-tpl.git/cmd/server/main.go:33.11,35.3 1 0
evgen3000/go-musthave-metrics-tpl.git/cmd/server/main.go:35.8,37.3 1 0
evgen3000/go-musthave-metrics-tpl.git/cmd/server/handlers/handlers.go:11.63,12.64 1 1
evgen3000/go-musthave-metrics-tpl.git/cmd/server/handlers/handlers.go:12.64,14.56 2 1
evgen3000/go-musthave-metrics-tpl.git/cmd/server/handlers/handlers.go:14.56,16.4 1 1
evgen3000/go-musthave-metrics-tpl.git/cmd/server/handlers/handlers.go:17.3,19.60 2 1
evgen3000/go-musthave-metrics-tpl.git/cmd/server/handlers/handlers.go:19.60,21.4 1 1
evgen3000/go-musthave-metrics-tpl.git/cmd/server/handlers/handlers.go:22.3,23.25 2 1
evgen3000/go-musthave-metrics-tpl.git/cmd/server/handlers/handlers.go:28.66,29.111 1 1
evgen3000/go-musthave-metrics-tpl.git/cmd/server/handlers/handlers.go:29.111,40.21 4 1
evgen3000/go-musthave-metrics-tpl.git/cmd/server/handlers/handlers.go:41.18,43.18 2 1
evgen3000/go-musthave-metrics-tpl.git/cmd/server/handlers/handlers.go:43.18,46.5 2 0
evgen3000/go-musthave-metrics-tpl.git/cmd/server/handlers/handlers.go:47.4,47.47 1 1
evgen3000/go-musthave-metrics-tpl.git/cmd/server/handlers/handlers.go:48.16,50.18 2 1
evgen3000/go-musthave-metrics-tpl.git/cmd/server/handlers/handlers.go:50.18,53.5 2 0
evgen3000/go-musthave-metrics-tpl.git/cmd/server/handlers/handlers.go:54.4,54.39 1 1
evgen3000/go-musthave-metrics-tpl.git/cmd/server/handlers/handlers.go:55.11,57.10 2 1
evgen3000/go-musthave-metrics-tpl.git/cmd/server/handlers/handlers.go:62.63,63.95 1 1
evgen3000/go-musthave-metrics-tpl.git/cmd/server/handlers/handlers.go:63.95,67.55 3 1
evgen3000/go-musthave-metrics-tpl.git/cmd/server/handlers/handlers.go:67.55,70.4 2 0
evgen3000/go-musthave-metrics-tpl.git/cmd/server/handlers/handlers.go:72.3,72.21 1 1
evgen3000/go-musthave-metrics-tpl.git/cmd/server/handlers/handlers.go:73.16,75.15 2 1
evgen3000/go-musthave-metrics-tpl.git/cmd/server/handlers/handlers.go:75.15,78.5 2 1
evgen3000/go-musthave-metrics-tpl.git/cmd/server/handlers/handlers.go:79.4,80.61 2 1
evgen3000/go-musthave-metrics-tpl.git/cmd/server/handlers/handlers.go:81.18,83.15 2 1
evgen3000/go-musthave-metrics-tpl.git/cmd/server/handlers/handlers.go:83.15,86.5 2 0
evgen3000/go-musthave-metrics-tpl.git/cmd/server/handlers/handlers.go:87.4,88.50 2 1
evgen3000/go-musthave-metrics-tpl.git/cmd/server/handlers/handlers.go:89.11,91.10 2 0
evgen3000/go-musthave-metrics-tpl.git/cmd/server/storage/storage.go:8.34,13.2 1 1
evgen3000/go-musthave-metrics-tpl.git/cmd/server/storage/storage.go:15.65,17.2 1 1
evgen3000/go-musthave-metrics-tpl.git/cmd/server/storage/storage.go:19.71,21.2 1 1
evgen3000/go-musthave-metrics-tpl.git/cmd/server/storage/storage.go:23.66,26.2 2 1
evgen3000/go-musthave-metrics-tpl.git/cmd/server/storage/storage.go:28.66,31.2 2 1
evgen3000/go-musthave-metrics-tpl.git/cmd/server/storage/storage.go:33.56,35.2 1 0
evgen3000/go-musthave-metrics-tpl.git/cmd/server/storage/storage.go:37.56,39.2 1 0
evgen3000/go-musthave-metrics-tpl.git/cmd/agent/client/client.go:19.85,26.2 1 0
evgen3000/go-musthave-metrics-tpl.git/cmd/agent/client/client.go:28.59,63.2 4 0
evgen3000/go-musthave-metrics-tpl.git/cmd/agent/client/client.go:65.81,69.16 4 0
evgen3000/go-musthave-metrics-tpl.git/cmd/agent/client/client.go:69.16,72.3 2 0
evgen3000/go-musthave-metrics-tpl.git/cmd/agent/client/client.go:73.2,77.16 4 0
evgen3000/go-musthave-metrics-tpl.git/cmd/agent/client/client.go:77.16,80.3 2 0
evgen3000/go-musthave-metrics-tpl.git/cmd/agent/client/client.go:82.2,83.99 2 0
evgen3000/go-musthave-metrics-tpl.git/cmd/agent/client/client.go:86.31,89.6 3 0
evgen3000/go-musthave-metrics-tpl.git/cmd/agent/client/client.go:89.6,90.10 1 0
evgen3000/go-musthave-metrics-tpl.git/cmd/agent/client/client.go:91.19,95.46 4 0
evgen3000/go-musthave-metrics-tpl.git/cmd/agent/client/client.go:96.25,101.37 4 0
evgen3000/go-musthave-metrics-tpl.git/cmd/agent/client/client.go:101.37,103.5 1 0
evgen3000/go-musthave-metrics-tpl.git/cmd/agent/client/client.go:104.4,104.63 1 0
